Change Physical Footprint: Designator=C1 Old Footprint=C_1000uF_220uF New Footprint=C_1000uF_220uF
Change Physical Footprint: Designator=C2 Old Footprint=C_1000uF_220uF New Footprint=C_1000uF_220uF
Change Physical Footprint: Designator=C3 Old Footprint=C_1000uF_220uF New Footprint=C_1000uF_220uF
Change Physical Footprint: Designator=C4 Old Footprint=C_20uF_BaoMo New Footprint=C_20uF_BaoMo
Change Physical Footprint: Designator=C5 Old Footprint=C_20uF_BaoMo New Footprint=C_20uF_BaoMo
Change Physical Footprint: Designator=C6 Old Footprint=C_MKP_1uF New Footprint=C_MKP_1uF
Change Physical Footprint: Designator=C7 Old Footprint=C_0047_630_400_47nF New Footprint=C_0047_630_400_47nF
Change Physical Footprint: Designator=D1 Old Footprint=SiC-MOS New Footprint=SiC-MOS
Change Physical Footprint: Designator=D2 Old Footprint=SiC-MOS New Footprint=SiC-MOS
Change Physical Footprint: Designator=D3 Old Footprint=LED New Footprint=LED
Change Physical Footprint: Designator=D4 Old Footprint=SiC-MOS New Footprint=SiC-MOS
Change Physical Footprint: Designator=D5 Old Footprint=SiC-MOS New Footprint=SiC-MOS
Change Physical Footprint: Designator=L1 Old Footprint=L_2mH New Footprint=L_2mH
Change Physical Footprint: Designator=L2 Old Footprint=L_2mH New Footprint=L_2mH
Change Physical Footprint: Designator=M1 Old Footprint=DC/DC-KeTiaoShengYaMoBan New Footprint=DC/DC-KeTiaoShengYaMoBan
Change Physical Footprint: Designator=M2 Old Footprint=DC/DC-KeTiaoShengYaMoBan New Footprint=DC/DC-KeTiaoShengYaMoBan
Change Physical Footprint: Designator=P1 Old Footprint=LM2596_Moldel New Footprint=LM2596_Moldel
Change Physical Footprint: Designator=P2 Old Footprint=SiC_Power New Footprint=SiC_Power
Change Physical Footprint: Designator=P3 Old Footprint=HDR1X4 New Footprint=HDR1X4
Change Physical Footprint: Designator=P4 Old Footprint=HDR1X4 New Footprint=HDR1X4
Change Physical Footprint: Designator=P5 Old Footprint=SiC_Power New Footprint=SiC_Power
Change Physical Footprint: Designator=P6 Old Footprint=HDR1X4 New Footprint=HDR1X4
Change Physical Footprint: Designator=P7 Old Footprint=HDR1X4 New Footprint=HDR1X4
Change Physical Footprint: Designator=P8 Old Footprint=SiC_Power_2 New Footprint=SiC_Power_2
Change Physical Footprint: Designator=P9 Old Footprint=DuanZi New Footprint=DuanZi
Change Physical Footprint: Designator=P10 Old Footprint=Power_9-36V/5V New Footprint=Power_9-36V/5V
Change Physical Footprint: Designator=P11 Old Footprint=HDR1X2 New Footprint=HDR1X2
Change Physical Footprint: Designator=P12 Old Footprint=HDR1X2 New Footprint=HDR1X2
Change Physical Footprint: Designator=P13 Old Footprint=HDR1X2 New Footprint=HDR1X2
Change Physical Footprint: Designator=P14 Old Footprint=HDR1X2 New Footprint=HDR1X2
Change Physical Footprint: Designator=P15 Old Footprint=HDR1X2 New Footprint=HDR1X2
Change Physical Footprint: Designator=P16 Old Footprint=HDR1X2 New Footprint=HDR1X2
Change Physical Footprint: Designator=P17 Old Footprint=HDR1X2 New Footprint=HDR1X2
Change Physical Footprint: Designator=Q1 Old Footprint=SiC-MOS New Footprint=SiC-MOS
Change Physical Footprint: Designator=Q2 Old Footprint=SiC-MOS New Footprint=SiC-MOS
Change Physical Footprint: Designator=Q3 Old Footprint=SiC-MOS New Footprint=SiC-MOS
Change Physical Footprint: Designator=Q4 Old Footprint=SiC-MOS New Footprint=SiC-MOS
Change Physical Footprint: Designator=R1 Old Footprint=R New Footprint=R
Change Physical Footprint: Designator=R2 Old Footprint=AXIAL-0.4 New Footprint=AXIAL-0.4
Change Physical Footprint: Designator=R3 Old Footprint=AXIAL-0.4 New Footprint=AXIAL-0.4
Change Physical Footprint: Designator=R4 Old Footprint=AXIAL-0.4 New Footprint=AXIAL-0.4
Change Physical Footprint: Designator=R5 Old Footprint=AXIAL-0.4 New Footprint=AXIAL-0.4
