Removed Pin From Net: NetName=15V Pin=A1-1
Removed Pin From Net: NetName=GND Pin=A1-2
Removed Pin From Net: NetName=-4V Pin=A1-3
Removed Pin From Net: NetName=GS Pin=A1-4
Removed Pin From Net: NetName=GND Pin=C2-1
Removed Pin From Net: NetName=GS Pin=C3-2
Removed Pin From Net: NetName=GS Pin=C4-2
Removed Pin From Net: NetName=15V Pin=C5-1
Removed Pin From Net: NetName=GND Pin=C5-2
Removed Pin From Net: NetName=GS Pin=C6-1
Removed Pin From Net: NetName=-4V Pin=C6-2
Removed Pin From Net: NetName=GND Pin=U1-3
Removed Pin From Net: NetName=GND Pin=U1-4
Removed Pin From Net: NetName=-4V Pin=U1-8
Removed Member From Class: ClassName=Sheet1 Member=A1
Removed Member From Class: ClassName=Sheet1 Member=C3
Removed Member From Class: ClassName=Sheet1 Member=C4
Removed Member From Class: ClassName=Sheet1 Member=C5
Removed Member From Class: ClassName=Sheet1 Member=C6
Removed Member From Class: ClassName=Sheet1 Member=U1
Change Component Footprint: Designator=C2 Old Footprint=BAT-2 New Footprint=C-10uF
Change Component Footprint: Designator=D1 Old Footprint=DIODE-0.4 New Footprint=Diode
Change Component Footprint: Designator=D2 Old Footprint=DIODE-0.4 New Footprint=Diode
Change Component Footprint: Designator=C1 Old Footprint=DuShi New Footprint=C-10uF
Change Component Comment : Designator=C1 Old Comment=Cap New Comment=Cap Pol1
Change Component Comment : Designator=C2 Old Comment=Cap New Comment=Cap Pol1
Change Component Comment : Designator=D1 Old Comment=Diode New Comment=D Schottky
Change Component Comment : Designator=D2 Old Comment=Diode New Comment=D Schottky
Change component parameters: Designator = "R1"; Footprint = "AXIAL-0.4"; UniqueID = "\IIWPAAYO"
Change component parameters. Clean all parameters for all variants
Change component parameters (AddParameter): Name = "LatestRevisionDate"; Value = "17-Jul-2002"; VariantName = "[No Variations]"
Change component parameters (AddParameter): Name = "LatestRevisionNote"; Value = "Re-released for DXP Platform."; VariantName = "[No Variations]"
Change component parameters (AddParameter): Name = "PackageDescription"; Value = "Axial Device, Thru-Hole; 2 Leads; 0.4 in Pin Spacing"; VariantName = "[No Variations]"
Change component parameters (AddParameter): Name = "PackageReference"; Value = "AXIAL-0.4"; VariantName = "[No Variations]"
Change component parameters (AddParameter): Name = "Published"; Value = "8-Jun-2000"; VariantName = "[No Variations]"
Change component parameters (AddParameter): Name = "Publisher"; Value = "Altium Limited"; VariantName = "[No Variations]"
Change component parameters (AddParameter): Name = "Value"; Value = "3.3"; VariantName = "[No Variations]"
Change component parameters: Designator = "R2"; Footprint = "AXIAL-0.4"; UniqueID = "\XNQYJVBC"
Change component parameters. Clean all parameters for all variants
Change component parameters (AddParameter): Name = "LatestRevisionDate"; Value = "17-Jul-2002"; VariantName = "[No Variations]"
Change component parameters (AddParameter): Name = "LatestRevisionNote"; Value = "Re-released for DXP Platform."; VariantName = "[No Variations]"
Change component parameters (AddParameter): Name = "PackageDescription"; Value = "Axial Device, Thru-Hole; 2 Leads; 0.4 in Pin Spacing"; VariantName = "[No Variations]"
Change component parameters (AddParameter): Name = "PackageReference"; Value = "AXIAL-0.4"; VariantName = "[No Variations]"
Change component parameters (AddParameter): Name = "Published"; Value = "8-Jun-2000"; VariantName = "[No Variations]"
Change component parameters (AddParameter): Name = "Publisher"; Value = "Altium Limited"; VariantName = "[No Variations]"
Change component parameters (AddParameter): Name = "Value"; Value = "10"; VariantName = "[No Variations]"
Change component parameters: Designator = "C1"; Footprint = "C-10uF"; UniqueID = "\DUDORFFE"
Change component parameters. Clean all parameters for all variants
Change component parameters (AddParameter): Name = "LatestRevisionDate"; Value = "17-Jul-2002"; VariantName = "[No Variations]"
Change component parameters (AddParameter): Name = "LatestRevisionNote"; Value = "Re-released for DXP Platform."; VariantName = "[No Variations]"
Change component parameters (AddParameter): Name = "PackageDescription"; Value = "Polarized Capacitor (Radial); 2 Leads"; VariantName = "[No Variations]"
Change component parameters (AddParameter): Name = "PackageReference"; Value = "RB7.6-15"; VariantName = "[No Variations]"
Change component parameters (AddParameter): Name = "Published"; Value = "8-Jun-2000"; VariantName = "[No Variations]"
Change component parameters (AddParameter): Name = "Publisher"; Value = "Altium Limited"; VariantName = "[No Variations]"
Change component parameters (AddParameter): Name = "Value"; Value = "1uF"; VariantName = "[No Variations]"
Change component parameters: Designator = "C2"; Footprint = "C-10uF"; UniqueID = "\INUGQTXD"
Change component parameters. Clean all parameters for all variants
Change component parameters (AddParameter): Name = "LatestRevisionDate"; Value = "17-Jul-2002"; VariantName = "[No Variations]"
Change component parameters (AddParameter): Name = "LatestRevisionNote"; Value = "Re-released for DXP Platform."; VariantName = "[No Variations]"
Change component parameters (AddParameter): Name = "PackageDescription"; Value = "Polarized Capacitor (Radial); 2 Leads"; VariantName = "[No Variations]"
Change component parameters (AddParameter): Name = "PackageReference"; Value = "RB7.6-15"; VariantName = "[No Variations]"
Change component parameters (AddParameter): Name = "Published"; Value = "8-Jun-2000"; VariantName = "[No Variations]"
Change component parameters (AddParameter): Name = "Publisher"; Value = "Altium Limited"; VariantName = "[No Variations]"
Change component parameters (AddParameter): Name = "Value"; Value = "1uF"; VariantName = "[No Variations]"
Change component parameters: Designator = "D1"; Footprint = "Diode"; UniqueID = "\WFLCIARB"
Change component parameters. Clean all parameters for all variants
Change component parameters (AddParameter): Name = "Code_JEDEC"; Value = "DO-214-AA"; VariantName = "[No Variations]"
Change component parameters (AddParameter): Name = "LatestRevisionDate"; Value = "17-Jul-2002"; VariantName = "[No Variations]"
Change component parameters (AddParameter): Name = "LatestRevisionNote"; Value = "Re-released for DXP Platform."; VariantName = "[No Variations]"
Change component parameters (AddParameter): Name = "PackageDescription"; Value = "DO-214-AA/SMB; 2 C-Bend Leads; Body 5.3 x 3.6 mm, inc. leads (LxW)"; VariantName = "[No Variations]"
Change component parameters (AddParameter): Name = "PackageReference"; Value = "SMB"; VariantName = "[No Variations]"
Change component parameters (AddParameter): Name = "Published"; Value = "8-Jun-2000"; VariantName = "[No Variations]"
Change component parameters (AddParameter): Name = "Publisher"; Value = "Altium Limited"; VariantName = "[No Variations]"
Change component parameters: Designator = "D2"; Footprint = "Diode"; UniqueID = "\KKBIUYKK"
Change component parameters. Clean all parameters for all variants
Change component parameters (AddParameter): Name = "Code_JEDEC"; Value = "DO-214-AA"; VariantName = "[No Variations]"
Change component parameters (AddParameter): Name = "LatestRevisionDate"; Value = "17-Jul-2002"; VariantName = "[No Variations]"
Change component parameters (AddParameter): Name = "LatestRevisionNote"; Value = "Re-released for DXP Platform."; VariantName = "[No Variations]"
Change component parameters (AddParameter): Name = "PackageDescription"; Value = "DO-214-AA/SMB; 2 C-Bend Leads; Body 5.3 x 3.6 mm, inc. leads (LxW)"; VariantName = "[No Variations]"
Change component parameters (AddParameter): Name = "PackageReference"; Value = "SMB"; VariantName = "[No Variations]"
Change component parameters (AddParameter): Name = "Published"; Value = "8-Jun-2000"; VariantName = "[No Variations]"
Change component parameters (AddParameter): Name = "Publisher"; Value = "Altium Limited"; VariantName = "[No Variations]"
Added Component: Designator=P1(3_DuanZi)
Add component. Clean all parameters for all variants
Add component (AddParameter): Name = "LatestRevisionDate"; Value = "17-Jul-2002"; VariantName = "[No Variations]"
Add component (AddParameter): Name = "LatestRevisionNote"; Value = "Re-released for DXP Platform."; VariantName = "[No Variations]"
Add component (AddParameter): Name = "Publisher"; Value = "Altium Limited"; VariantName = "[No Variations]"
Added Component: Designator=P2(sop-8)
Add component. Clean all parameters for all variants
Added Component: Designator=P3(4_DuanZi)
Add component. Clean all parameters for all variants
Add component (AddParameter): Name = "LatestRevisionDate"; Value = "17-Jul-2002"; VariantName = "[No Variations]"
Add component (AddParameter): Name = "LatestRevisionNote"; Value = "Re-released for DXP Platform."; VariantName = "[No Variations]"
Add component (AddParameter): Name = "Publisher"; Value = "Altium Limited"; VariantName = "[No Variations]"
Added Component: Designator=P4(DC/DC_MoKuai)
Add component. Clean all parameters for all variants
Added Pin To Net: NetName=GS Pin=C2-2
Added Pin To Net: NetName=GND Pin=P1-3
Added Pin To Net: NetName=GND Pin=P2-3
Added Pin To Net: NetName=GND Pin=P2-4
Added Pin To Net: NetName=-4V Pin=P2-8
Added Pin To Net: NetName=15V Pin=P3-1
Added Pin To Net: NetName=GS Pin=P3-3
Added Pin To Net: NetName=15V Pin=P4-1
Added Pin To Net: NetName=-4V Pin=P4-3
Added Pin To Net: NetName=GS Pin=P4-4
Added Pin To Net: NetName=3.3V-DSP Pin=P1-1
Added Pin To Net: NetName=3.3V-DSP Pin=P2-1
Added Net: Name=3.3V-DSP
Added Pin To Net: NetName=20V Pin=C2-1
Added Pin To Net: NetName=20V Pin=P2-5
Added Pin To Net: NetName=20V Pin=P4-5
Added Net: Name=20V
Added Pin To Net: NetName=DSP-PWM1 Pin=P1-2
Added Pin To Net: NetName=DSP-PWM1 Pin=P2-2
Added Net: Name=DSP-PWM1
Added Pin To Net: NetName=GND2 Pin=P3-4
Added Pin To Net: NetName=GND2 Pin=P4-2
Added Net: Name=GND2
Added Pin To Net: NetName=NetD1_1 Pin=D1-1
Added Pin To Net: NetName=NetD1_1 Pin=R1-2
Added Net: Name=NetD1_1
Added Pin To Net: NetName=NetD2_2 Pin=D2-2
Added Pin To Net: NetName=NetD2_2 Pin=R2-2
Added Net: Name=NetD2_2
Added Pin To Net: NetName=NetP2_6 Pin=P2-6
Added Pin To Net: NetName=NetP2_6 Pin=R2-1
Added Net: Name=NetP2_6
Added Pin To Net: NetName=NetP2_7 Pin=P2-7
Added Pin To Net: NetName=NetP2_7 Pin=R1-1
Added Net: Name=NetP2_7
Added Pin To Net: NetName=PWM1 Pin=D1-2
Added Pin To Net: NetName=PWM1 Pin=D2-1
Added Pin To Net: NetName=PWM1 Pin=P3-2
Added Net: Name=PWM1
Added Member To Class: ClassName=Sheet1 Member=Component C2 Cap Pol1
Added Member To Class: ClassName=Sheet1 Member=Component P1 Header 3
Added Member To Class: ClassName=Sheet1 Member=Component P2 1EDI60N12AF
Added Member To Class: ClassName=Sheet1 Member=Component P3 Header 4
Added Member To Class: ClassName=Sheet1 Member=Component P4 DC/DC_Mokuai
Added Room: Name=Sheet1
